#-----------------------------------------------------------
# Vivado v2023.2 (64-bit)
# SW Build 4029153 on Fri Oct 13 20:13:54 MDT 2023
# IP Build 4028589 on Sat Oct 14 00:45:43 MDT 2023
# SharedData Build 4025554 on Tue Oct 10 17:18:54 MDT 2023
# Start of session at: Fri Apr 26 15:48:56 2024
# Process ID: 182085
# Current directory: /home/pawel/hippomenes/hippo-uart/fpga
# Command line: vivado -mode tcl -source hippo_uart.tcl
# Log file: /home/pawel/hippomenes/hippo-uart/fpga/vivado.log
# Journal file: /home/pawel/hippomenes/hippo-uart/fpga/vivado.jou
# Running On: archlinux, OS: Linux, CPU Frequency: 3594.905 MHz, CPU Physical cores: 32, Host memory: 32746 MB
#-----------------------------------------------------------
source hippo_uart.tcl
# proc checkRequiredFiles { origin_dir} {
#   set status true
#   set files [list \
#  "[file normalize "$origin_dir/hippo_uart/hippo_uart.srcs/sources_1/ip/clk_wiz_0/clk_wiz_0.xci"]"\
#  "[file normalize "$origin_dir/hippo_uart/hippo_uart.srcs/utils_1/imports/synth_1/fpga_uart.dcp"]"\
#   ]
#   foreach ifile $files {
#     if { ![file isfile $ifile] } {
#       puts " Could not find local file $ifile "
#       set status false
#     }
#   }
# 
#   set files [list \
#  "[file normalize "$origin_dir/../hdl/src/config_pkg.sv"]"\
#  "[file normalize "$origin_dir/../hdl/src/decoder_pkg.sv"]"\
#  "[file normalize "$origin_dir/../hdl/src/fifo.sv"]"\
#  "[file normalize "$origin_dir/../hdl/src/uart.sv"]"\
#  "[file normalize "$origin_dir/../hdl/src/fpga_uart.sv"]"\
#  "[file normalize "$origin_dir/../hdl/src/mem_pkg.sv"]"\
#  "[file normalize "$origin_dir/constraints/ARTY.xdc"]"\
#   ]
#   foreach ifile $files {
#     if { ![file isfile $ifile] } {
#       puts " Could not find remote file $ifile "
#       set status false
#     }
#   }
# 
#   return $status
# }
# set origin_dir "."
# if { [info exists ::origin_dir_loc] } {
#   set origin_dir $::origin_dir_loc
# }
# set _xil_proj_name_ "hippo_uart"
# if { [info exists ::user_project_name] } {
#   set _xil_proj_name_ $::user_project_name
# }
# variable script_file
# set script_file "hippo_uart.tcl"
# proc print_help {} {
#   variable script_file
#   puts "\nDescription:"
#   puts "Recreate a Vivado project from this script. The created project will be"
#   puts "functionally equivalent to the original project for which this script was"
#   puts "generated. The script contains commands for creating a project, filesets,"
#   puts "runs, adding/importing sources and setting properties on various objects.\n"
#   puts "Syntax:"
#   puts "$script_file"
#   puts "$script_file -tclargs \[--origin_dir <path>\]"
#   puts "$script_file -tclargs \[--project_name <name>\]"
#   puts "$script_file -tclargs \[--help\]\n"
#   puts "Usage:"
#   puts "Name                   Description"
#   puts "-------------------------------------------------------------------------"
#   puts "\[--origin_dir <path>\]  Determine source file paths wrt this path. Default"
#   puts "                       origin_dir path value is \".\", otherwise, the value"
#   puts "                       that was set with the \"-paths_relative_to\" switch"
#   puts "                       when this script was generated.\n"
#   puts "\[--project_name <name>\] Create project with the specified name. Default"
#   puts "                       name is the name of the project from where this"
#   puts "                       script was generated.\n"
#   puts "\[--help\]               Print help information for this script"
#   puts "-------------------------------------------------------------------------\n"
#   exit 0
# }
# if { $::argc > 0 } {
#   for {set i 0} {$i < $::argc} {incr i} {
#     set option [string trim [lindex $::argv $i]]
#     switch -regexp -- $option {
#       "--origin_dir"   { incr i; set origin_dir [lindex $::argv $i] }
#       "--project_name" { incr i; set _xil_proj_name_ [lindex $::argv $i] }
#       "--help"         { print_help }
#       default {
#         if { [regexp {^-} $option] } {
#           puts "ERROR: Unknown option '$option' specified, please type '$script_file -tclargs --help' for usage info.\n"
#           return 1
#         }
#       }
#     }
#   }
# }
# set orig_proj_dir "[file normalize "$origin_dir/hippo_uart"]"
# set validate_required 0
# if { $validate_required } {
#   if { [checkRequiredFiles $origin_dir] } {
#     puts "Tcl file $script_file is valid. All files required for project creation is accesable. "
#   } else {
#     puts "Tcl file $script_file is not valid. Not all files required for project creation is accesable. "
#     return
#   }
# }
# create_project ${_xil_proj_name_} ./${_xil_proj_name_} -part xa7a35tcsg324-1I
ERROR: [Common 17-53] User Exception: Project already exists on disk, please use '-force' option to overwrite: 
     /home/pawel/hippomenes/hippo-uart/fpga/hippo_uart/hippo_uart.srcs
source hippo_uart.tcl -force
ERROR: [Common 17-170] Unknown option '-force', please type 'source -help' for usage info.
quit
INFO: [Common 17-206] Exiting Vivado at Fri Apr 26 15:49:30 2024...
